14:53:53.992 [TestNG-test-Test1-1] DEBUG org.apache.poi.openxml4j.opc.PackageRelationshipCollection36) Parsing relationship: /xl/_rels/workbook.xml.rels
14:53:54.007 [TestNG-test-Test1-1] DEBUG org.apache.poi.openxml4j.opc.PackageRelationshipCollection36) Parsing relationship: /xl/worksheets/_rels/sheet1.xml.rels
14:53:54.007 [TestNG-test-Test1-1] DEBUG org.apache.poi.openxml4j.opc.PackageRelationshipCollection36) Parsing relationship: /_rels/.rels
14:53:54.007 [TestNG-test-Test1-1] DEBUG org.apache.poi.ooxml.POIXMLFactory36) using default POIXMLDocumentPart for http://schemas.openxmlformats.org/officeDocument/2006/relationships/printerSettings
14:53:54.029 [TestNG-test-Test1-1] DEBUG org.apache.poi.openxml4j.opc.PackageRelationshipCollection36) Parsing relationship: /xl/_rels/workbook.xml.rels
14:53:54.036 [TestNG-test-Test1-1] DEBUG org.apache.poi.openxml4j.opc.PackageRelationshipCollection36) Parsing relationship: /xl/worksheets/_rels/sheet1.xml.rels
14:53:54.036 [TestNG-test-Test1-1] DEBUG org.apache.poi.openxml4j.opc.PackageRelationshipCollection36) Parsing relationship: /_rels/.rels
14:53:54.039 [TestNG-test-Test1-1] DEBUG org.apache.poi.ooxml.POIXMLFactory36) using default POIXMLDocumentPart for http://schemas.openxmlformats.org/officeDocument/2006/relationships/printerSettings
14:53:54.057 [TestNG-test-Test1-1] DEBUG org.apache.poi.openxml4j.opc.PackageRelationshipCollection36) Parsing relationship: /xl/_rels/workbook.xml.rels
14:53:54.057 [TestNG-test-Test1-1] DEBUG org.apache.poi.openxml4j.opc.PackageRelationshipCollection36) Parsing relationship: /xl/worksheets/_rels/sheet1.xml.rels
14:53:54.064 [TestNG-test-Test1-1] DEBUG org.apache.poi.openxml4j.opc.PackageRelationshipCollection36) Parsing relationship: /_rels/.rels
14:53:54.070 [TestNG-test-Test1-1] DEBUG org.apache.poi.ooxml.POIXMLFactory36) using default POIXMLDocumentPart for http://schemas.openxmlformats.org/officeDocument/2006/relationships/printerSettings
14:53:54.089 [TestNG-test-Test1-1] DEBUG org.apache.poi.openxml4j.opc.PackageRelationshipCollection36) Parsing relationship: /xl/_rels/workbook.xml.rels
14:53:54.089 [TestNG-test-Test1-1] DEBUG org.apache.poi.openxml4j.opc.PackageRelationshipCollection36) Parsing relationship: /xl/worksheets/_rels/sheet1.xml.rels
14:53:54.089 [TestNG-test-Test1-1] DEBUG org.apache.poi.openxml4j.opc.PackageRelationshipCollection36) Parsing relationship: /_rels/.rels
14:53:54.101 [TestNG-test-Test1-1] DEBUG org.apache.poi.ooxml.POIXMLFactory36) using default POIXMLDocumentPart for http://schemas.openxmlformats.org/officeDocument/2006/relationships/printerSettings
14:53:54.116 [TestNG-test-Test1-1] DEBUG org.apache.poi.openxml4j.opc.PackageRelationshipCollection36) Parsing relationship: /xl/_rels/workbook.xml.rels
14:53:54.116 [TestNG-test-Test1-1] DEBUG org.apache.poi.openxml4j.opc.PackageRelationshipCollection36) Parsing relationship: /xl/worksheets/_rels/sheet1.xml.rels
14:53:54.116 [TestNG-test-Test1-1] DEBUG org.apache.poi.openxml4j.opc.PackageRelationshipCollection36) Parsing relationship: /_rels/.rels
14:53:54.131 [TestNG-test-Test1-1] DEBUG org.apache.poi.ooxml.POIXMLFactory36) using default POIXMLDocumentPart for http://schemas.openxmlformats.org/officeDocument/2006/relationships/printerSettings
14:53:54.139 [TestNG-test-Test1-1] DEBUG org.apache.poi.openxml4j.opc.PackageRelationshipCollection36) Parsing relationship: /xl/_rels/workbook.xml.rels
14:53:54.139 [TestNG-test-Test1-1] DEBUG org.apache.poi.openxml4j.opc.PackageRelationshipCollection36) Parsing relationship: /xl/worksheets/_rels/sheet1.xml.rels
14:53:54.146 [TestNG-test-Test1-1] DEBUG org.apache.poi.openxml4j.opc.PackageRelationshipCollection36) Parsing relationship: /_rels/.rels
14:53:54.146 [TestNG-test-Test1-1] DEBUG org.apache.poi.ooxml.POIXMLFactory36) using default POIXMLDocumentPart for http://schemas.openxmlformats.org/officeDocument/2006/relationships/printerSettings
14:53:54.171 [TestNG-test-Test1-1] DEBUG org.apache.poi.openxml4j.opc.PackageRelationshipCollection36) Parsing relationship: /xl/_rels/workbook.xml.rels
14:53:54.173 [TestNG-test-Test1-1] DEBUG org.apache.poi.openxml4j.opc.PackageRelationshipCollection36) Parsing relationship: /xl/worksheets/_rels/sheet1.xml.rels
14:53:54.174 [TestNG-test-Test1-1] DEBUG org.apache.poi.openxml4j.opc.PackageRelationshipCollection36) Parsing relationship: /_rels/.rels
14:53:54.183 [TestNG-test-Test1-1] DEBUG org.apache.poi.ooxml.POIXMLFactory36) using default POIXMLDocumentPart for http://schemas.openxmlformats.org/officeDocument/2006/relationships/printerSettings
14:53:54.200 [TestNG-test-Test1-1] INFO  testCases.TC003DataDrivenLoginTest36) ***** Starting TC003DataDrivenLoginTest *****
14:53:56.187 [TestNG-test-Test1-1] INFO  testCases.TC003DataDrivenLoginTest36) ***** Finished TC003DataDrivenLoginTest *****
14:53:56.193 [TestNG-test-Test1-1] INFO  testCases.TC003DataDrivenLoginTest36) ***** Starting TC003DataDrivenLoginTest *****
14:54:02.330 [TestNG-test-Test1-1] INFO  testCases.TC003DataDrivenLoginTest36) ***** Finished TC003DataDrivenLoginTest *****
