16:21:39.071 [main] DEBUG org.apache.poi.openxml4j.opc.PackageRelationshipCollection36) Parsing relationship: /xl/_rels/workbook.xml.rels
16:21:39.081 [main] DEBUG org.apache.poi.openxml4j.opc.PackageRelationshipCollection36) Parsing relationship: /xl/worksheets/_rels/sheet1.xml.rels
16:21:39.082 [main] DEBUG org.apache.poi.openxml4j.opc.PackageRelationshipCollection36) Parsing relationship: /_rels/.rels
16:21:39.089 [main] DEBUG org.apache.poi.ooxml.POIXMLFactory36) using default POIXMLDocumentPart for http://schemas.openxmlformats.org/officeDocument/2006/relationships/printerSettings
16:21:39.098 [main] DEBUG org.apache.poi.openxml4j.opc.PackageRelationshipCollection36) Parsing relationship: /xl/_rels/workbook.xml.rels
16:21:39.098 [main] DEBUG org.apache.poi.openxml4j.opc.PackageRelationshipCollection36) Parsing relationship: /xl/worksheets/_rels/sheet1.xml.rels
16:21:39.099 [main] DEBUG org.apache.poi.openxml4j.opc.PackageRelationshipCollection36) Parsing relationship: /_rels/.rels
16:21:39.103 [main] DEBUG org.apache.poi.ooxml.POIXMLFactory36) using default POIXMLDocumentPart for http://schemas.openxmlformats.org/officeDocument/2006/relationships/printerSettings
16:21:39.110 [main] DEBUG org.apache.poi.openxml4j.opc.PackageRelationshipCollection36) Parsing relationship: /xl/_rels/workbook.xml.rels
16:21:39.110 [main] DEBUG org.apache.poi.openxml4j.opc.PackageRelationshipCollection36) Parsing relationship: /xl/worksheets/_rels/sheet1.xml.rels
16:21:39.111 [main] DEBUG org.apache.poi.openxml4j.opc.PackageRelationshipCollection36) Parsing relationship: /_rels/.rels
16:21:39.123 [main] DEBUG org.apache.poi.ooxml.POIXMLFactory36) using default POIXMLDocumentPart for http://schemas.openxmlformats.org/officeDocument/2006/relationships/printerSettings
16:21:39.139 [main] DEBUG org.apache.poi.openxml4j.opc.PackageRelationshipCollection36) Parsing relationship: /xl/_rels/workbook.xml.rels
16:21:39.140 [main] DEBUG org.apache.poi.openxml4j.opc.PackageRelationshipCollection36) Parsing relationship: /xl/worksheets/_rels/sheet1.xml.rels
16:21:39.140 [main] DEBUG org.apache.poi.openxml4j.opc.PackageRelationshipCollection36) Parsing relationship: /_rels/.rels
16:21:39.146 [main] DEBUG org.apache.poi.ooxml.POIXMLFactory36) using default POIXMLDocumentPart for http://schemas.openxmlformats.org/officeDocument/2006/relationships/printerSettings
16:21:39.155 [main] DEBUG org.apache.poi.openxml4j.opc.PackageRelationshipCollection36) Parsing relationship: /xl/_rels/workbook.xml.rels
16:21:39.156 [main] DEBUG org.apache.poi.openxml4j.opc.PackageRelationshipCollection36) Parsing relationship: /xl/worksheets/_rels/sheet1.xml.rels
16:21:39.157 [main] DEBUG org.apache.poi.openxml4j.opc.PackageRelationshipCollection36) Parsing relationship: /_rels/.rels
16:21:39.162 [main] DEBUG org.apache.poi.ooxml.POIXMLFactory36) using default POIXMLDocumentPart for http://schemas.openxmlformats.org/officeDocument/2006/relationships/printerSettings
16:21:39.171 [main] DEBUG org.apache.poi.openxml4j.opc.PackageRelationshipCollection36) Parsing relationship: /xl/_rels/workbook.xml.rels
16:21:39.172 [main] DEBUG org.apache.poi.openxml4j.opc.PackageRelationshipCollection36) Parsing relationship: /xl/worksheets/_rels/sheet1.xml.rels
16:21:39.173 [main] DEBUG org.apache.poi.openxml4j.opc.PackageRelationshipCollection36) Parsing relationship: /_rels/.rels
16:21:39.179 [main] DEBUG org.apache.poi.ooxml.POIXMLFactory36) using default POIXMLDocumentPart for http://schemas.openxmlformats.org/officeDocument/2006/relationships/printerSettings
16:21:39.187 [main] DEBUG org.apache.poi.openxml4j.opc.PackageRelationshipCollection36) Parsing relationship: /xl/_rels/workbook.xml.rels
16:21:39.188 [main] DEBUG org.apache.poi.openxml4j.opc.PackageRelationshipCollection36) Parsing relationship: /xl/worksheets/_rels/sheet1.xml.rels
16:21:39.189 [main] DEBUG org.apache.poi.openxml4j.opc.PackageRelationshipCollection36) Parsing relationship: /_rels/.rels
16:21:39.194 [main] DEBUG org.apache.poi.ooxml.POIXMLFactory36) using default POIXMLDocumentPart for http://schemas.openxmlformats.org/officeDocument/2006/relationships/printerSettings
16:21:39.206 [main] INFO  testCases.TC003DataDrivenLoginTest36) ***** Starting TC003DataDrivenLoginTest *****
16:21:41.003 [main] INFO  testCases.TC003DataDrivenLoginTest36) ***** Finished TC003DataDrivenLoginTest *****
16:21:41.008 [main] INFO  testCases.TC003DataDrivenLoginTest36) ***** Starting TC003DataDrivenLoginTest *****
16:21:47.134 [main] INFO  testCases.TC003DataDrivenLoginTest36) ***** Finished TC003DataDrivenLoginTest *****
16:21:47.135 [main] INFO  testCases.TC003DataDrivenLoginTest36) ***** Starting TC003DataDrivenLoginTest *****
16:21:52.976 [main] INFO  testCases.TC003DataDrivenLoginTest36) ***** Finished TC003DataDrivenLoginTest *****
16:21:52.979 [main] INFO  testCases.TC003DataDrivenLoginTest36) ***** Starting TC003DataDrivenLoginTest *****
16:21:54.971 [main] INFO  testCases.TC003DataDrivenLoginTest36) ***** Finished TC003DataDrivenLoginTest *****
